0 info it worked if it ends with ok
1 verbose cli [ 'node', '/usr/local/bin/npm', 'install', '-g', 'chai' ]
2 info using npm@2.0.0
3 info using node@v0.10.30
4 verbose node symlink /usr/local/bin/node
5 verbose cache add [ 'chai', null ]
6 verbose cache add spec="chai" args=["chai",null]
7 verbose parsed spec { raw: 'chai',
7 verbose parsed spec   scope: null,
7 verbose parsed spec   name: 'chai',
7 verbose parsed spec   rawSpec: '',
7 verbose parsed spec   spec: '*',
7 verbose parsed spec   type: 'range' }
8 verbose parsed spec { raw: 'chai',
8 verbose parsed spec   scope: null,
8 verbose parsed spec   name: 'chai',
8 verbose parsed spec   rawSpec: '',
8 verbose parsed spec   spec: '*',
8 verbose parsed spec   type: 'range' }
9 verbose addNamed [ 'chai', '*' ]
10 verbose addNamed [ null, '*' ]
11 silly lockFile dde1eb4b-chai chai@*
12 verbose lock chai@* /Users/michelle/.npm/dde1eb4b-chai.lock
13 silly addNameRange { name: 'chai', range: '*', hasData: false }
14 verbose mapToRegistry name chai
15 verbose mapToRegistry uri https://registry.npmjs.org/chai
16 verbose request on initialization, where is /chai
17 verbose request after pass 1, where is /chai
18 verbose request url raw /chai
19 verbose request resolving registry [ 'https://registry.npmjs.org/', './chai' ]
20 verbose request after pass 2, where is https://registry.npmjs.org/chai
21 verbose request no auth needed
22 info attempt registry request try #1 at 11:15:15
23 verbose request id bf8ef8cce145d1ec
24 verbose etag "2P6EXBI16SYRWDJSAGHD39ESH"
25 http request GET https://registry.npmjs.org/chai
26 http 304 https://registry.npmjs.org/chai
27 silly registry.get cb [ 304,
27 silly registry.get   { date: 'Wed, 24 Sep 2014 10:15:15 GMT',
27 silly registry.get     server: 'Apache',
27 silly registry.get     via: '1.1 varnish',
27 silly registry.get     'last-modified': 'Wed, 24 Sep 2014 10:15:15 GMT',
27 silly registry.get     'cache-control': 'max-age=60',
27 silly registry.get     etag: '"2P6EXBI16SYRWDJSAGHD39ESH"',
27 silly registry.get     'x-served-by': 'cache-lcy1123-LCY',
27 silly registry.get     'x-cache': 'HIT',
27 silly registry.get     'x-cache-hits': '1',
27 silly registry.get     'x-timer': 'S1411553715.956346,VS0,VE0',
27 silly registry.get     vary: 'Accept',
27 silly registry.get     'content-length': '0',
27 silly registry.get     'keep-alive': 'timeout=10, max=50',
27 silly registry.get     connection: 'Keep-Alive' } ]
28 verbose etag https://registry.npmjs.org/chai from cache
29 silly addNameRange number 2 { name: 'chai', range: '*', hasData: true }
30 silly addNameRange versions [ 'chai',
30 silly addNameRange   [ '0.0.1',
30 silly addNameRange     '0.0.2',
30 silly addNameRange     '0.1.0',
30 silly addNameRange     '0.1.1',
30 silly addNameRange     '0.1.2',
30 silly addNameRange     '0.1.3',
30 silly addNameRange     '0.1.4',
30 silly addNameRange     '0.1.5',
30 silly addNameRange     '0.1.6',
30 silly addNameRange     '0.1.7',
30 silly addNameRange     '0.2.0',
30 silly addNameRange     '0.2.1',
30 silly addNameRange     '0.2.2',
30 silly addNameRange     '0.2.3',
30 silly addNameRange     '0.2.4',
30 silly addNameRange     '0.3.0',
30 silly addNameRange     '0.3.1',
30 silly addNameRange     '0.3.2',
30 silly addNameRange     '0.3.3',
30 silly addNameRange     '0.3.4',
30 silly addNameRange     '0.4.0',
30 silly addNameRange     '0.4.1',
30 silly addNameRange     '0.4.2',
30 silly addNameRange     '0.5.0',
30 silly addNameRange     '0.5.1',
30 silly addNameRange     '0.5.2',
30 silly addNameRange     '0.5.3',
30 silly addNameRange     '1.0.0',
30 silly addNameRange     '1.0.1',
30 silly addNameRange     '1.0.2',
30 silly addNameRange     '1.0.3',
30 silly addNameRange     '1.0.4',
30 silly addNameRange     '1.1.0',
30 silly addNameRange     '1.1.1',
30 silly addNameRange     '1.2.0',
30 silly addNameRange     '1.3.0',
30 silly addNameRange     '1.4.0',
30 silly addNameRange     '1.4.1',
30 silly addNameRange     '1.4.2',
30 silly addNameRange     '1.5.0',
30 silly addNameRange     '1.6.0',
30 silly addNameRange     '1.6.1',
30 silly addNameRange     '1.7.0',
30 silly addNameRange     '1.7.1',
30 silly addNameRange     '1.7.2',
30 silly addNameRange     '1.8.0',
30 silly addNameRange     '1.8.1',
30 silly addNameRange     '1.9.0',
30 silly addNameRange     '1.9.1' ] ]
31 verbose addNamed [ 'chai', '1.9.1' ]
32 verbose addNamed [ '1.9.1', '1.9.1' ]
33 silly lockFile 8274fa91-chai-1-9-1 chai@1.9.1
34 verbose lock chai@1.9.1 /Users/michelle/.npm/8274fa91-chai-1-9-1.lock
35 silly lockFile 8274fa91-chai-1-9-1 chai@1.9.1
36 silly lockFile 8274fa91-chai-1-9-1 chai@1.9.1
37 silly lockFile dde1eb4b-chai chai@*
38 silly lockFile dde1eb4b-chai chai@*
39 silly resolved [ { author: { name: 'Jake Luer', email: 'jake@alogicalparadox.com' },
39 silly resolved     name: 'chai',
39 silly resolved     description: 'BDD/TDD assertion library for node.js and the browser. Test framework agnostic.',
39 silly resolved     keywords: [ 'test', 'assertion', 'assert', 'testing', 'chai' ],
39 silly resolved     homepage: 'http://chaijs.com',
39 silly resolved     license: 'MIT',
39 silly resolved     contributors: [ [Object], [Object], [Object], [Object] ],
39 silly resolved     version: '1.9.1',
39 silly resolved     repository: { type: 'git', url: 'https://github.com/chaijs/chai' },
39 silly resolved     bugs: { url: 'https://github.com/chaijs/chai/issues' },
39 silly resolved     main: './index',
39 silly resolved     scripts: { test: 'make test' },
39 silly resolved     engines: { node: '>= 0.4.0' },
39 silly resolved     dependencies: { 'assertion-error': '1.0.0', 'deep-eql': '0.1.3' },
39 silly resolved     devDependencies:
39 silly resolved      { component: '*',
39 silly resolved        karma: '0.12.x',
39 silly resolved        'karma-mocha': '*',
39 silly resolved        'karma-sauce-launcher': '0.2.x',
39 silly resolved        'karma-phantomjs-launcher': '0.1.1',
39 silly resolved        mocha: '1.17.x',
39 silly resolved        istanbul: '0.2.x' },
39 silly resolved     _id: 'chai@1.9.1',
39 silly resolved     dist:
39 silly resolved      { shasum: '3711bb6706e1568f34c0b36098bf8f19455c81ae',
39 silly resolved        tarball: 'http://registry.npmjs.org/chai/-/chai-1.9.1.tgz' },
39 silly resolved     _from: 'chai@*',
39 silly resolved     _npmVersion: '1.3.25',
39 silly resolved     _npmUser: { name: 'jakeluer', email: 'jake@alogicalparadox.com' },
39 silly resolved     maintainers: [ [Object] ],
39 silly resolved     directories: {},
39 silly resolved     _shasum: '3711bb6706e1568f34c0b36098bf8f19455c81ae',
39 silly resolved     _resolved: 'https://registry.npmjs.org/chai/-/chai-1.9.1.tgz',
39 silly resolved     readme: 'ERROR: No README data found!' } ]
40 info install chai@1.9.1 into /usr/local/lib
41 info installOne chai@1.9.1
42 verbose lib/node_modules/chai unbuild
43 verbose gentlyRm vacuuming /usr/local/lib/node_modules/chai
44 verbose tar unpack /Users/michelle/.npm/chai/1.9.1/package.tgz
45 silly lockFile 5ccb9df2--usr-local-lib-node-modules-chai tar:///usr/local/lib/node_modules/chai
46 verbose lock tar:///usr/local/lib/node_modules/chai /Users/michelle/.npm/5ccb9df2--usr-local-lib-node-modules-chai.lock
47 silly lockFile ae4fb8e6-helle-npm-chai-1-9-1-package-tgz tar:///Users/michelle/.npm/chai/1.9.1/package.tgz
48 verbose lock tar:///Users/michelle/.npm/chai/1.9.1/package.tgz /Users/michelle/.npm/ae4fb8e6-helle-npm-chai-1-9-1-package-tgz.lock
49 verbose gentlyRm vacuuming /usr/local/lib/node_modules/chai
50 silly gunzTarPerm modes [ '755', '644' ]
51 silly gunzTarPerm extractEntry package.json
52 silly gunzTarPerm extractEntry .npmignore
53 silly gunzTarPerm extractEntry README.md
54 silly gunzTarPerm extractEntry karma.sauce.js
55 silly gunzTarPerm extractEntry karma.conf.js
56 silly gunzTarPerm extractEntry index.js
57 silly gunzTarPerm extractEntry sauce.browsers.js
58 silly gunzTarPerm extractEntry chai.js
59 silly gunzTarPerm extractEntry CONTRIBUTING.md
60 silly gunzTarPerm extractEntry bower.json
61 silly gunzTarPerm extractEntry ReleaseNotes.md
62 silly gunzTarPerm extractEntry lib/chai.js
63 silly gunzTarPerm extractEntry lib/chai/assertion.js
64 silly gunzTarPerm extractEntry lib/chai/config.js
65 silly gunzTarPerm extractEntry lib/chai/core/assertions.js
66 silly gunzTarPerm extractEntry lib/chai/interface/assert.js
67 silly gunzTarPerm extractEntry lib/chai/interface/expect.js
68 silly gunzTarPerm extractEntry lib/chai/interface/should.js
69 silly gunzTarPerm extractEntry lib/chai/utils/addChainableMethod.js
70 silly gunzTarPerm extractEntry lib/chai/utils/getMessage.js
71 silly gunzTarPerm extractEntry lib/chai/utils/getName.js
72 silly gunzTarPerm extractEntry lib/chai/utils/getPathValue.js
73 silly gunzTarPerm extractEntry lib/chai/utils/getEnumerableProperties.js
74 silly gunzTarPerm extractEntry lib/chai/utils/index.js
75 silly gunzTarPerm extractEntry lib/chai/utils/inspect.js
76 silly gunzTarPerm extractEntry lib/chai/utils/objDisplay.js
77 silly gunzTarPerm extractEntry lib/chai/utils/overwriteChainableMethod.js
78 silly gunzTarPerm extractEntry lib/chai/utils/overwriteMethod.js
79 silly gunzTarPerm extractEntry lib/chai/utils/getActual.js
80 silly gunzTarPerm extractEntry lib/chai/utils/overwriteProperty.js
81 silly gunzTarPerm extractEntry lib/chai/utils/flag.js
82 silly gunzTarPerm extractEntry lib/chai/utils/test.js
83 silly gunzTarPerm extractEntry lib/chai/utils/addProperty.js
84 silly gunzTarPerm extractEntry lib/chai/utils/transferFlags.js
85 silly gunzTarPerm extractEntry lib/chai/utils/addMethod.js
86 silly gunzTarPerm extractEntry lib/chai/utils/type.js
87 silly gunzTarPerm extractEntry lib/chai/utils/getProperties.js
88 silly gunzTarPerm extractEntry History.md
89 silly lockFile 5ccb9df2--usr-local-lib-node-modules-chai tar:///usr/local/lib/node_modules/chai
90 silly lockFile 5ccb9df2--usr-local-lib-node-modules-chai tar:///usr/local/lib/node_modules/chai
91 silly lockFile ae4fb8e6-helle-npm-chai-1-9-1-package-tgz tar:///Users/michelle/.npm/chai/1.9.1/package.tgz
92 silly lockFile ae4fb8e6-helle-npm-chai-1-9-1-package-tgz tar:///Users/michelle/.npm/chai/1.9.1/package.tgz
93 info preinstall chai@1.9.1
94 verbose readDependencies using package.json deps
95 verbose readDependencies using package.json deps
96 verbose cache add [ 'assertion-error@1.0.0', null ]
97 verbose cache add spec="assertion-error@1.0.0" args=["assertion-error@1.0.0",null]
98 verbose parsed spec { raw: 'assertion-error@1.0.0',
98 verbose parsed spec   scope: null,
98 verbose parsed spec   name: 'assertion-error',
98 verbose parsed spec   rawSpec: '1.0.0',
98 verbose parsed spec   spec: '1.0.0',
98 verbose parsed spec   type: 'version' }
99 verbose cache add [ 'deep-eql@0.1.3', null ]
100 verbose cache add spec="deep-eql@0.1.3" args=["deep-eql@0.1.3",null]
101 verbose parsed spec { raw: 'deep-eql@0.1.3',
101 verbose parsed spec   scope: null,
101 verbose parsed spec   name: 'deep-eql',
101 verbose parsed spec   rawSpec: '0.1.3',
101 verbose parsed spec   spec: '0.1.3',
101 verbose parsed spec   type: 'version' }
102 verbose parsed spec { raw: 'assertion-error@1.0.0',
102 verbose parsed spec   scope: null,
102 verbose parsed spec   name: 'assertion-error',
102 verbose parsed spec   rawSpec: '1.0.0',
102 verbose parsed spec   spec: '1.0.0',
102 verbose parsed spec   type: 'version' }
103 verbose addNamed [ 'assertion-error', '1.0.0' ]
104 verbose addNamed [ '1.0.0', '1.0.0' ]
105 silly lockFile f5d03964-assertion-error-1-0-0 assertion-error@1.0.0
106 verbose lock assertion-error@1.0.0 /Users/michelle/.npm/f5d03964-assertion-error-1-0-0.lock
107 verbose parsed spec { raw: 'deep-eql@0.1.3',
107 verbose parsed spec   scope: null,
107 verbose parsed spec   name: 'deep-eql',
107 verbose parsed spec   rawSpec: '0.1.3',
107 verbose parsed spec   spec: '0.1.3',
107 verbose parsed spec   type: 'version' }
108 verbose addNamed [ 'deep-eql', '0.1.3' ]
109 verbose addNamed [ '0.1.3', '0.1.3' ]
110 silly lockFile 9537c900-deep-eql-0-1-3 deep-eql@0.1.3
111 verbose lock deep-eql@0.1.3 /Users/michelle/.npm/9537c900-deep-eql-0-1-3.lock
112 verbose mapToRegistry name assertion-error
113 verbose mapToRegistry uri https://registry.npmjs.org/assertion-error
114 verbose mapToRegistry name deep-eql
115 verbose mapToRegistry uri https://registry.npmjs.org/deep-eql
116 verbose request on initialization, where is /assertion-error
117 verbose request after pass 1, where is /assertion-error
118 verbose request url raw /assertion-error
119 verbose request resolving registry [ 'https://registry.npmjs.org/', './assertion-error' ]
120 verbose request after pass 2, where is https://registry.npmjs.org/assertion-error
121 verbose request no auth needed
122 info attempt registry request try #1 at 11:15:16
123 verbose etag "8T7RLSEZ5UV3I7KY1ZWZC08FI"
124 http request GET https://registry.npmjs.org/assertion-error
125 verbose request on initialization, where is /deep-eql
126 verbose request after pass 1, where is /deep-eql
127 verbose request url raw /deep-eql
128 verbose request resolving registry [ 'https://registry.npmjs.org/', './deep-eql' ]
129 verbose request after pass 2, where is https://registry.npmjs.org/deep-eql
130 verbose request no auth needed
131 info attempt registry request try #1 at 11:15:16
132 verbose etag "BMRCE9YXPG3CNM4C80Q58NR9C"
133 http request GET https://registry.npmjs.org/deep-eql
134 http 304 https://registry.npmjs.org/assertion-error
135 silly registry.get cb [ 304,
135 silly registry.get   { date: 'Wed, 24 Sep 2014 10:15:16 GMT',
135 silly registry.get     server: 'Apache',
135 silly registry.get     via: '1.1 varnish',
135 silly registry.get     'last-modified': 'Wed, 24 Sep 2014 10:15:16 GMT',
135 silly registry.get     'cache-control': 'max-age=60',
135 silly registry.get     etag: '"8T7RLSEZ5UV3I7KY1ZWZC08FI"',
135 silly registry.get     'x-served-by': 'cache-lcy1124-LCY',
135 silly registry.get     'x-cache': 'HIT',
135 silly registry.get     'x-cache-hits': '1',
135 silly registry.get     'x-timer': 'S1411553716.112500,VS0,VE0',
135 silly registry.get     vary: 'Accept',
135 silly registry.get     'content-length': '0',
135 silly registry.get     'keep-alive': 'timeout=10, max=50',
135 silly registry.get     connection: 'Keep-Alive' } ]
136 verbose etag https://registry.npmjs.org/assertion-error from cache
137 http 304 https://registry.npmjs.org/deep-eql
138 silly registry.get cb [ 304,
138 silly registry.get   { date: 'Wed, 24 Sep 2014 10:15:16 GMT',
138 silly registry.get     server: 'Apache',
138 silly registry.get     via: '1.1 varnish',
138 silly registry.get     'last-modified': 'Wed, 24 Sep 2014 10:08:35 GMT',
138 silly registry.get     'cache-control': 'max-age=60',
138 silly registry.get     etag: '"BMRCE9YXPG3CNM4C80Q58NR9C"',
138 silly registry.get     'x-served-by': 'cache-lcy1121-LCY',
138 silly registry.get     'x-cache': 'HIT',
138 silly registry.get     'x-cache-hits': '2',
138 silly registry.get     'x-timer': 'S1411553716.114366,VS0,VE0',
138 silly registry.get     vary: 'Accept',
138 silly registry.get     'content-length': '0',
138 silly registry.get     'keep-alive': 'timeout=10, max=50',
138 silly registry.get     connection: 'Keep-Alive' } ]
139 verbose etag https://registry.npmjs.org/deep-eql from cache
140 silly lockFile f5d03964-assertion-error-1-0-0 assertion-error@1.0.0
141 silly lockFile f5d03964-assertion-error-1-0-0 assertion-error@1.0.0
142 silly lockFile 9537c900-deep-eql-0-1-3 deep-eql@0.1.3
143 silly lockFile 9537c900-deep-eql-0-1-3 deep-eql@0.1.3
144 silly resolved [ { name: 'deep-eql',
144 silly resolved     version: '0.1.3',
144 silly resolved     description: 'Improved deep equality testing for Node.js and the browser.',
144 silly resolved     author: { name: 'Jake Luer', email: 'jake@alogicalparadox.com' },
144 silly resolved     license: 'MIT',
144 silly resolved     keywords: [ 'deep equal', 'object equal', 'testing', 'chai util' ],
144 silly resolved     repository: { type: 'git', url: 'git@github.com:chaijs/deep-eql.git' },
144 silly resolved     engines: { node: '*' },
144 silly resolved     main: './index',
144 silly resolved     scripts: { test: 'make test' },
144 silly resolved     dependencies: { 'type-detect': '0.1.1' },
144 silly resolved     devDependencies:
144 silly resolved      { component: '*',
144 silly resolved        coveralls: '2.0.16',
144 silly resolved        jscoverage: '0.3.7',
144 silly resolved        karma: '0.10.x',
144 silly resolved        'karma-mocha': '*',
144 silly resolved        mocha: '*',
144 silly resolved        'mocha-lcov-reporter': '0.0.1',
144 silly resolved        'simple-assert': '*' },
144 silly resolved     readme: '# deep-eql [![Build Status](https://travis-ci.org/chaijs/deep-eql.png?branch=master)](https://travis-ci.org/chaijs/deep-eql) [![Coverage Status](https://coveralls.io/repos/chaijs/deep-eql/badge.png?branch=master)](https://coveralls.io/r/chaijs/deep-eql?branch=master)\n\n> Improved deep equality testing for Node.js and the browser.\n\n## Installation\n\n### Node.js\n\n`deep-eql` is available on [npm](http://npmjs.org).\n\n    $ npm install deep-eql\n\n### Component\n\n`deep-eql` is available as a [component](https://github.com/component/component).\n\n    $ component install chaijs/deep-eql\n\n## Usage\n\n### Rules\n\n- Strict equality for non-traversable nodes according to [egal](http://wiki.ecmascript.org/doku.php?id=harmony:egal).\n  - `eql(NaN, NaN).should.be.true;`\n  - `eql(-0, +0).should.be.false;`\n- Arguments are not Arrays:\n  - `eql([], arguments).should.be.false;`\n  - `eql([], Array.prototype.slice.call(arguments)).should.be.true;`\n\n## License\n\n(The MIT License)\n\nCopyright (c) 2013 Jake Luer <jake@alogicalparadox.com>\n\nPermission is hereby granted, free of charge, to any person obtaining a copy\nof this software and associated documentation files (the "Software"), to deal\nin the Software without restriction, including without limitation the rights\nto use, copy, modify, merge, publish, distribute, sublicense, and/or sell\ncopies of the Software, and to permit persons to whom the Software is\nfurnished to do so, subject to the following conditions:\n\nThe above copyright notice and this permission notice shall be included in\nall copies or substantial portions of the Software.\n\nTHE SOFTWARE IS PROVIDED "AS IS", WITHOUT WARRANTY OF ANY KIND, EXPRESS OR\nIMPLIED, INCLUDING BUT NOT LIMITED TO THE WARRANTIES OF MERCHANTABILITY,\nFITNESS FOR A PARTICULAR PURPOSE AND NONINFRINGEMENT. IN NO EVENT SHALL THE\nAUTHORS OR COPYRIGHT HOLDERS BE LIABLE FOR ANY CLAIM, DAMAGES OR OTHER\nLIABILITY, WHETHER IN AN ACTION OF CONTRACT, TORT OR OTHERWISE, ARISING FROM,\nOUT OF OR IN CONNECTION WITH THE SOFTWARE OR THE USE OR OTHER DEALINGS IN\nTHE SOFTWARE.\n',
144 silly resolved     readmeFilename: 'README.md',
144 silly resolved     bugs: { url: 'https://github.com/chaijs/deep-eql/issues' },
144 silly resolved     _id: 'deep-eql@0.1.3',
144 silly resolved     dist:
144 silly resolved      { shasum: 'ef558acab8de25206cd713906d74e56930eb69f2',
144 silly resolved        tarball: 'http://registry.npmjs.org/deep-eql/-/deep-eql-0.1.3.tgz' },
144 silly resolved     _from: 'deep-eql@0.1.3',
144 silly resolved     _npmVersion: '1.3.11',
144 silly resolved     _npmUser: { name: 'jakeluer', email: 'jake@alogicalparadox.com' },
144 silly resolved     maintainers: [ [Object] ],
144 silly resolved     directories: {},
144 silly resolved     _shasum: 'ef558acab8de25206cd713906d74e56930eb69f2',
144 silly resolved     _resolved: 'https://registry.npmjs.org/deep-eql/-/deep-eql-0.1.3.tgz',
144 silly resolved     homepage: 'https://github.com/chaijs/deep-eql' },
144 silly resolved   { name: 'assertion-error',
144 silly resolved     version: '1.0.0',
144 silly resolved     description: 'Error constructor for test and validation frameworks that implements standardized AssertionError specification.',
144 silly resolved     author:
144 silly resolved      { name: 'Jake Luer',
144 silly resolved        email: 'jake@qualiancy.com',
144 silly resolved        url: 'http://qualiancy.com' },
144 silly resolved     license: 'MIT',
144 silly resolved     keywords: [ 'test', 'assertion', 'assertion-error' ],
144 silly resolved     repository:
144 silly resolved      { type: 'git',
144 silly resolved        url: 'git@github.com:chaijs/assertion-error.git' },
144 silly resolved     engines: { node: '*' },
144 silly resolved     main: './index',
144 silly resolved     scripts: { test: 'make test' },
144 silly resolved     dependencies: {},
144 silly resolved     devDependencies: { component: '*' },
144 silly resolved     readme: '# AssertionError [![Build Status](https://travis-ci.org/chaijs/assertion-error.png?branch=master)](https://travis-ci.org/chaijs/assertion-error)\n\n> Error constructor for test and validation frameworks that implements standardized AssertionError specification.\n\n## Installation\n\n### Node.js\n\n`assertion-error` is available on [npm](http://npmjs.org).\n\n    $ npm install assertion-error\n\n### Component\n\n`assertion-error` is available as a [component](https://github.com/component/component).\n\n    $ component install chaijs/assertion-error\n\n## License\n\n(The MIT License)\n\nCopyright (c) 2013 Jake Luer <jake@qualiancy.com> (http://qualiancy.com)\n\nPermission is hereby granted, free of charge, to any person obtaining a copy\nof this software and associated documentation files (the "Software"), to deal\nin the Software without restriction, including without limitation the rights\nto use, copy, modify, merge, publish, distribute, sublicense, and/or sell\ncopies of the Software, and to permit persons to whom the Software is\nfurnished to do so, subject to the following conditions:\n\nThe above copyright notice and this permission notice shall be included in\nall copies or substantial portions of the Software.\n\nTHE SOFTWARE IS PROVIDED "AS IS", WITHOUT WARRANTY OF ANY KIND, EXPRESS OR\nIMPLIED, INCLUDING BUT NOT LIMITED TO THE WARRANTIES OF MERCHANTABILITY,\nFITNESS FOR A PARTICULAR PURPOSE AND NONINFRINGEMENT. IN NO EVENT SHALL THE\nAUTHORS OR COPYRIGHT HOLDERS BE LIABLE FOR ANY CLAIM, DAMAGES OR OTHER\nLIABILITY, WHETHER IN AN ACTION OF CONTRACT, TORT OR OTHERWISE, ARISING FROM,\nOUT OF OR IN CONNECTION WITH THE SOFTWARE OR THE USE OR OTHER DEALINGS IN\nTHE SOFTWARE.\n',
144 silly resolved     readmeFilename: 'README.md',
144 silly resolved     bugs: { url: 'https://github.com/chaijs/assertion-error/issues' },
144 silly resolved     _id: 'assertion-error@1.0.0',
144 silly resolved     dist:
144 silly resolved      { shasum: 'c7f85438fdd466bc7ca16ab90c81513797a5d23b',
144 silly resolved        tarball: 'http://registry.npmjs.org/assertion-error/-/assertion-error-1.0.0.tgz' },
144 silly resolved     _from: 'assertion-error@1.0.0',
144 silly resolved     _npmVersion: '1.2.23',
144 silly resolved     _npmUser: { name: 'jakeluer', email: 'jake@alogicalparadox.com' },
144 silly resolved     maintainers: [ [Object] ],
144 silly resolved     directories: {},
144 silly resolved     _shasum: 'c7f85438fdd466bc7ca16ab90c81513797a5d23b',
144 silly resolved     _resolved: 'https://registry.npmjs.org/assertion-error/-/assertion-error-1.0.0.tgz',
144 silly resolved     homepage: 'https://github.com/chaijs/assertion-error' } ]
145 info install deep-eql@0.1.3 into /usr/local/lib/node_modules/chai
146 info install assertion-error@1.0.0 into /usr/local/lib/node_modules/chai
147 info installOne deep-eql@0.1.3
148 info installOne assertion-error@1.0.0
149 verbose lib/node_modules/chai/node_modules/deep-eql unbuild
150 verbose lib/node_modules/chai/node_modules/assertion-error unbuild
151 verbose gentlyRm vacuuming /usr/local/lib/node_modules/chai/node_modules/deep-eql
152 verbose gentlyRm vacuuming /usr/local/lib/node_modules/chai/node_modules/assertion-error
153 verbose tar unpack /Users/michelle/.npm/deep-eql/0.1.3/package.tgz
154 silly lockFile 8a3dcd00-dules-chai-node-modules-deep-eql tar:///usr/local/lib/node_modules/chai/node_modules/deep-eql
155 verbose lock tar:///usr/local/lib/node_modules/chai/node_modules/deep-eql /Users/michelle/.npm/8a3dcd00-dules-chai-node-modules-deep-eql.lock
156 silly lockFile d1d10fcc-e-npm-deep-eql-0-1-3-package-tgz tar:///Users/michelle/.npm/deep-eql/0.1.3/package.tgz
157 verbose lock tar:///Users/michelle/.npm/deep-eql/0.1.3/package.tgz /Users/michelle/.npm/d1d10fcc-e-npm-deep-eql-0-1-3-package-tgz.lock
158 verbose tar unpack /Users/michelle/.npm/assertion-error/1.0.0/package.tgz
159 silly lockFile 672b4d02-hai-node-modules-assertion-error tar:///usr/local/lib/node_modules/chai/node_modules/assertion-error
160 verbose lock tar:///usr/local/lib/node_modules/chai/node_modules/assertion-error /Users/michelle/.npm/672b4d02-hai-node-modules-assertion-error.lock
161 silly lockFile b4f5f544-ssertion-error-1-0-0-package-tgz tar:///Users/michelle/.npm/assertion-error/1.0.0/package.tgz
162 verbose lock tar:///Users/michelle/.npm/assertion-error/1.0.0/package.tgz /Users/michelle/.npm/b4f5f544-ssertion-error-1-0-0-package-tgz.lock
163 verbose gentlyRm vacuuming /usr/local/lib/node_modules/chai/node_modules/deep-eql
164 silly gunzTarPerm modes [ '755', '644' ]
165 verbose gentlyRm vacuuming /usr/local/lib/node_modules/chai/node_modules/assertion-error
166 silly gunzTarPerm modes [ '755', '644' ]
167 silly gunzTarPerm extractEntry package.json
168 silly gunzTarPerm extractEntry package.json
169 silly gunzTarPerm extractEntry .npmignore
170 silly gunzTarPerm extractEntry README.md
171 silly gunzTarPerm extractEntry .npmignore
172 silly gunzTarPerm extractEntry README.md
173 silly gunzTarPerm extractEntry index.js
174 silly gunzTarPerm extractEntry karma.conf.js
175 silly gunzTarPerm extractEntry index.js
176 silly gunzTarPerm extractEntry History.md
177 silly gunzTarPerm extractEntry History.md
178 silly gunzTarPerm extractEntry lib/eql.js
179 silly lockFile 672b4d02-hai-node-modules-assertion-error tar:///usr/local/lib/node_modules/chai/node_modules/assertion-error
180 silly lockFile 672b4d02-hai-node-modules-assertion-error tar:///usr/local/lib/node_modules/chai/node_modules/assertion-error
181 silly lockFile b4f5f544-ssertion-error-1-0-0-package-tgz tar:///Users/michelle/.npm/assertion-error/1.0.0/package.tgz
182 silly lockFile b4f5f544-ssertion-error-1-0-0-package-tgz tar:///Users/michelle/.npm/assertion-error/1.0.0/package.tgz
183 info preinstall assertion-error@1.0.0
184 verbose readDependencies using package.json deps
185 verbose readDependencies using package.json deps
186 silly resolved []
187 verbose about to build /usr/local/lib/node_modules/chai/node_modules/assertion-error
188 info build /usr/local/lib/node_modules/chai/node_modules/assertion-error
189 verbose linkStuff [ true,
189 verbose linkStuff   '/usr/local/lib/node_modules',
189 verbose linkStuff   false,
189 verbose linkStuff   '/usr/local/lib/node_modules/chai/node_modules' ]
190 info linkStuff assertion-error@1.0.0
191 verbose linkBins assertion-error@1.0.0
192 verbose linkMans assertion-error@1.0.0
193 verbose rebuildBundles assertion-error@1.0.0
194 info install assertion-error@1.0.0
195 info postinstall assertion-error@1.0.0
196 silly lockFile 8a3dcd00-dules-chai-node-modules-deep-eql tar:///usr/local/lib/node_modules/chai/node_modules/deep-eql
197 silly lockFile 8a3dcd00-dules-chai-node-modules-deep-eql tar:///usr/local/lib/node_modules/chai/node_modules/deep-eql
198 silly lockFile d1d10fcc-e-npm-deep-eql-0-1-3-package-tgz tar:///Users/michelle/.npm/deep-eql/0.1.3/package.tgz
199 silly lockFile d1d10fcc-e-npm-deep-eql-0-1-3-package-tgz tar:///Users/michelle/.npm/deep-eql/0.1.3/package.tgz
200 info preinstall deep-eql@0.1.3
201 verbose readDependencies using package.json deps
202 verbose readDependencies using package.json deps
203 verbose cache add [ 'type-detect@0.1.1', null ]
204 verbose cache add spec="type-detect@0.1.1" args=["type-detect@0.1.1",null]
205 verbose parsed spec { raw: 'type-detect@0.1.1',
205 verbose parsed spec   scope: null,
205 verbose parsed spec   name: 'type-detect',
205 verbose parsed spec   rawSpec: '0.1.1',
205 verbose parsed spec   spec: '0.1.1',
205 verbose parsed spec   type: 'version' }
206 verbose parsed spec { raw: 'type-detect@0.1.1',
206 verbose parsed spec   scope: null,
206 verbose parsed spec   name: 'type-detect',
206 verbose parsed spec   rawSpec: '0.1.1',
206 verbose parsed spec   spec: '0.1.1',
206 verbose parsed spec   type: 'version' }
207 verbose addNamed [ 'type-detect', '0.1.1' ]
208 verbose addNamed [ '0.1.1', '0.1.1' ]
209 silly lockFile fa1359e4-type-detect-0-1-1 type-detect@0.1.1
210 verbose lock type-detect@0.1.1 /Users/michelle/.npm/fa1359e4-type-detect-0-1-1.lock
211 verbose mapToRegistry name type-detect
212 verbose mapToRegistry uri https://registry.npmjs.org/type-detect
213 verbose request on initialization, where is /type-detect
214 verbose request after pass 1, where is /type-detect
215 verbose request url raw /type-detect
216 verbose request resolving registry [ 'https://registry.npmjs.org/', './type-detect' ]
217 verbose request after pass 2, where is https://registry.npmjs.org/type-detect
218 verbose request no auth needed
219 info attempt registry request try #1 at 11:15:16
220 verbose etag "8A1XNHR0Y3WA0428BICWX4WRR"
221 http request GET https://registry.npmjs.org/type-detect
222 http 304 https://registry.npmjs.org/type-detect
223 silly registry.get cb [ 304,
223 silly registry.get   { date: 'Wed, 24 Sep 2014 10:15:16 GMT',
223 silly registry.get     server: 'Apache',
223 silly registry.get     via: '1.1 varnish',
223 silly registry.get     'last-modified': 'Wed, 24 Sep 2014 10:15:16 GMT',
223 silly registry.get     'cache-control': 'max-age=60',
223 silly registry.get     etag: '"8A1XNHR0Y3WA0428BICWX4WRR"',
223 silly registry.get     'x-served-by': 'cache-lcy1125-LCY',
223 silly registry.get     'x-cache': 'HIT',
223 silly registry.get     'x-cache-hits': '1',
223 silly registry.get     'x-timer': 'S1411553716.165605,VS0,VE0',
223 silly registry.get     vary: 'Accept',
223 silly registry.get     'content-length': '0',
223 silly registry.get     'keep-alive': 'timeout=10, max=50',
223 silly registry.get     connection: 'Keep-Alive' } ]
224 verbose etag https://registry.npmjs.org/type-detect from cache
225 silly lockFile fa1359e4-type-detect-0-1-1 type-detect@0.1.1
226 silly lockFile fa1359e4-type-detect-0-1-1 type-detect@0.1.1
227 silly resolved [ { name: 'type-detect',
227 silly resolved     version: '0.1.1',
227 silly resolved     description: 'Improved typeof detection for node.js and the browser.',
227 silly resolved     author:
227 silly resolved      { name: 'Jake Luer',
227 silly resolved        email: 'jake@alogicalparadox.com',
227 silly resolved        url: 'http://alogicalparadox.com' },
227 silly resolved     license: 'MIT',
227 silly resolved     keywords: [],
227 silly resolved     repository: { type: 'git', url: 'git@github.com:chaijs/type-detect.git' },
227 silly resolved     engines: { node: '*' },
227 silly resolved     main: './index',
227 silly resolved     scripts: { test: 'make test' },
227 silly resolved     dependencies: {},
227 silly resolved     devDependencies:
227 silly resolved      { component: '*',
227 silly resolved        coveralls: '2.0.16',
227 silly resolved        jscoverage: '0.3.7',
227 silly resolved        mocha: '*',
227 silly resolved        'mocha-lcov-reporter': '0.0.1',
227 silly resolved        'mocha-phantomjs': '*',
227 silly resolved        'simple-assert': '*' },
227 silly resolved     readme: '# type-detect [![Build Status](https://travis-ci.org/chaijs/type-detect.png?branch=master)](https://travis-ci.org/chaijs/type-detect) [![Coverage Status](https://coveralls.io/repos/chaijs/type-detect/badge.png?branch=master)](https://coveralls.io/r/chaijs/type-detect?branch=master)\n\n> Improved typeof detection for node.js and the browser.\n\n## Installation\n\n### Node.js\n\n`type-detect` is available on [npm](http://npmjs.org).\n\n    $ npm install type-detect\n\n### Component\n\n`type-detect` is available as a [component](https://github.com/component/component).\n\n    $ component install chaijs/type-detect\n\n## Usage\n\n### Primary\n\nThe primary export of `type-detect` is function that can server as a replacement for \n`typeof`. The results of this function will be more specific than that of native `typeof`.\n\n```js\nvar type = require(\'type-detect\');\n```\n\n#### array\n\n```js\nassert(\'array\' === type([]));\nassert(\'array\' === type(new Array()));\n```\n\n#### regexp\n\n```js\nassert(\'regexp\' === type(/a-z/gi));\nassert(\'regexp\' === type(new RegExp(\'a-z\')));\n```\n\n#### function\n\n```js\nassert(\'function\' === type(function () {}));\n```\n\n#### arguments\n\n```js\n(function () {\n  assert(\'arguments\' === type(arguments));\n})();\n```\n\n#### date\n\n```js\nassert(\'date\' === type(new Date));\n```\n\n#### number\n\n```js\nassert(\'number\' === type(1));\nassert(\'number\' === type(1.234));\nassert(\'number\' === type(-1));\nassert(\'number\' === type(-1.234));\nassert(\'number\' === type(Infinity));\nassert(\'number\' === type(NaN));\n```\n\n#### string\n\n```js\nassert(\'string\' === type(\'hello world\'));\n```\n\n#### null\n\n```js\nassert(\'null\' === type(null));\nassert(\'null\' !== type(undefined));\n```\n\n#### undefined\n\n```js\nassert(\'undefined\' === type(undefined));\nassert(\'undefined\' !== type(null));\n```\n\n#### object\n\n```js\nvar Noop = function () {};\nassert(\'object\' === type({}));\nassert(\'object\' !== type(Noop));\nassert(\'object\' === type(new Noop));\nassert(\'object\' === type(new Object));\nassert(\'object\' === type(new String(\'hello\')));\n```\n\n### Library\n\nA `Library` is a small constructed repository for custom type detections.\n\n```js\nvar lib = new type.Library;\n```\n\n#### .of (obj)\n\n* **@param** _{Mixed}_ object to test\n* **@return** _{String}_  type\n\nExpose replacement `typeof` detection to the library.\n\n```js\nif (\'string\' === lib.of(\'hello world\')) {\n  // ...\n}\n```\n\n\n#### .define (type, test)\n\n* **@param** _{String}_ type \n* **@param** _{RegExp|Function}_ test \n\nAdd a test to for the `.test()` assertion.\n\nCan be defined as a regular expression:\n\n```js\nlib.define(\'int\', /^[0-9]+$/);\n```\n\n... or as a function:\n\n```js\nlib.define(\'bln\', function (obj) {\n  if (\'boolean\' === lib.of(obj)) return true;\n  var blns = [ \'yes\', \'no\', \'true\', \'false\', 1, 0 ];\n  if (\'string\' === lib.of(obj)) obj = obj.toLowerCase();\n  return !! ~blns.indexOf(obj);\n});\n```\n\n\n#### .test (obj, test)\n\n* **@param** _{Mixed}_ object \n* **@param** _{String}_ type \n* **@return** _{Boolean}_  result\n\nAssert that an object is of type. Will first\ncheck natives, and if that does not pass it will\nuse the user defined custom tests.\n\n```js\nassert(lib.test(\'1\', \'int\'));\nassert(lib.test(\'yes\', \'bln\'));\n```\n\n\n\n\n## License\n\n(The MIT License)\n\nCopyright (c) 2013 Jake Luer <jake@alogicalparadox.com> (http://alogicalparadox.com)\n\nPermission is hereby granted, free of charge, to any person obtaining a copy\nof this software and associated documentation files (the "Software"), to deal\nin the Software without restriction, including without limitation the rights\nto use, copy, modify, merge, publish, distribute, sublicense, and/or sell\ncopies of the Software, and to permit persons to whom the Software is\nfurnished to do so, subject to the following conditions:\n\nThe above copyright notice and this permission notice shall be included in\nall copies or substantial portions of the Software.\n\nTHE SOFTWARE IS PROVIDED "AS IS", WITHOUT WARRANTY OF ANY KIND, EXPRESS OR\nIMPLIED, INCLUDING BUT NOT LIMITED TO THE WARRANTIES OF MERCHANTABILITY,\nFITNESS FOR A PARTICULAR PURPOSE AND NONINFRINGEMENT. IN NO EVENT SHALL THE\nAUTHORS OR COPYRIGHT HOLDERS BE LIABLE FOR ANY CLAIM, DAMAGES OR OTHER\nLIABILITY, WHETHER IN AN ACTION OF CONTRACT, TORT OR OTHERWISE, ARISING FROM,\nOUT OF OR IN CONNECTION WITH THE SOFTWARE OR THE USE OR OTHER DEALINGS IN\nTHE SOFTWARE.\n',
227 silly resolved     readmeFilename: 'README.md',
227 silly resolved     bugs: { url: 'https://github.com/chaijs/type-detect/issues' },
227 silly resolved     _id: 'type-detect@0.1.1',
227 silly resolved     dist:
227 silly resolved      { shasum: '0ba5ec2a885640e470ea4e8505971900dac58822',
227 silly resolved        tarball: 'http://registry.npmjs.org/type-detect/-/type-detect-0.1.1.tgz' },
227 silly resolved     _from: 'type-detect@0.1.1',
227 silly resolved     _npmVersion: '1.3.11',
227 silly resolved     _npmUser: { name: 'jakeluer', email: 'jake@alogicalparadox.com' },
227 silly resolved     maintainers: [ [Object] ],
227 silly resolved     directories: {},
227 silly resolved     _shasum: '0ba5ec2a885640e470ea4e8505971900dac58822',
227 silly resolved     _resolved: 'https://registry.npmjs.org/type-detect/-/type-detect-0.1.1.tgz',
227 silly resolved     homepage: 'https://github.com/chaijs/type-detect' } ]
228 info install type-detect@0.1.1 into /usr/local/lib/node_modules/chai/node_modules/deep-eql
229 info installOne type-detect@0.1.1
230 verbose lib/node_modules/chai/node_modules/deep-eql/node_modules/type-detect unbuild
231 verbose gentlyRm vacuuming /usr/local/lib/node_modules/chai/node_modules/deep-eql/node_modules/type-detect
232 verbose tar unpack /Users/michelle/.npm/type-detect/0.1.1/package.tgz
233 silly lockFile 3940a64f-eep-eql-node-modules-type-detect tar:///usr/local/lib/node_modules/chai/node_modules/deep-eql/node_modules/type-detect
234 verbose lock tar:///usr/local/lib/node_modules/chai/node_modules/deep-eql/node_modules/type-detect /Users/michelle/.npm/3940a64f-eep-eql-node-modules-type-detect.lock
235 silly lockFile 669b1717-pm-type-detect-0-1-1-package-tgz tar:///Users/michelle/.npm/type-detect/0.1.1/package.tgz
236 verbose lock tar:///Users/michelle/.npm/type-detect/0.1.1/package.tgz /Users/michelle/.npm/669b1717-pm-type-detect-0-1-1-package-tgz.lock
237 verbose gentlyRm vacuuming /usr/local/lib/node_modules/chai/node_modules/deep-eql/node_modules/type-detect
238 silly gunzTarPerm modes [ '755', '644' ]
239 silly gunzTarPerm extractEntry package.json
240 silly gunzTarPerm extractEntry .npmignore
241 silly gunzTarPerm extractEntry README.md
242 silly gunzTarPerm extractEntry index.js
243 silly gunzTarPerm extractEntry History.md
244 silly gunzTarPerm extractEntry lib/type.js
245 silly lockFile 3940a64f-eep-eql-node-modules-type-detect tar:///usr/local/lib/node_modules/chai/node_modules/deep-eql/node_modules/type-detect
246 silly lockFile 3940a64f-eep-eql-node-modules-type-detect tar:///usr/local/lib/node_modules/chai/node_modules/deep-eql/node_modules/type-detect
247 silly lockFile 669b1717-pm-type-detect-0-1-1-package-tgz tar:///Users/michelle/.npm/type-detect/0.1.1/package.tgz
248 silly lockFile 669b1717-pm-type-detect-0-1-1-package-tgz tar:///Users/michelle/.npm/type-detect/0.1.1/package.tgz
249 info preinstall type-detect@0.1.1
250 verbose readDependencies using package.json deps
251 verbose readDependencies using package.json deps
252 silly resolved []
253 verbose about to build /usr/local/lib/node_modules/chai/node_modules/deep-eql/node_modules/type-detect
254 info build /usr/local/lib/node_modules/chai/node_modules/deep-eql/node_modules/type-detect
255 verbose linkStuff [ true,
255 verbose linkStuff   '/usr/local/lib/node_modules',
255 verbose linkStuff   false,
255 verbose linkStuff   '/usr/local/lib/node_modules/chai/node_modules/deep-eql/node_modules' ]
256 info linkStuff type-detect@0.1.1
257 verbose linkBins type-detect@0.1.1
258 verbose linkMans type-detect@0.1.1
259 verbose rebuildBundles type-detect@0.1.1
260 info install type-detect@0.1.1
261 info postinstall type-detect@0.1.1
262 verbose about to build /usr/local/lib/node_modules/chai/node_modules/deep-eql
263 info build /usr/local/lib/node_modules/chai/node_modules/deep-eql
264 verbose linkStuff [ true,
264 verbose linkStuff   '/usr/local/lib/node_modules',
264 verbose linkStuff   false,
264 verbose linkStuff   '/usr/local/lib/node_modules/chai/node_modules' ]
265 info linkStuff deep-eql@0.1.3
266 verbose linkBins deep-eql@0.1.3
267 verbose linkMans deep-eql@0.1.3
268 verbose rebuildBundles deep-eql@0.1.3
269 verbose rebuildBundles [ 'type-detect' ]
270 info install deep-eql@0.1.3
271 info postinstall deep-eql@0.1.3
272 verbose about to build /usr/local/lib/node_modules/chai
273 info build /usr/local/lib/node_modules/chai
274 verbose linkStuff [ true,
274 verbose linkStuff   '/usr/local/lib/node_modules',
274 verbose linkStuff   true,
274 verbose linkStuff   '/usr/local/lib/node_modules' ]
275 info linkStuff chai@1.9.1
276 verbose linkBins chai@1.9.1
277 verbose linkMans chai@1.9.1
278 verbose rebuildBundles chai@1.9.1
279 verbose rebuildBundles [ 'assertion-error', 'deep-eql' ]
280 info install chai@1.9.1
281 info postinstall chai@1.9.1
282 warn unmet dependency /usr/local/lib/node_modules/yo/node_modules/insight/node_modules/request/node_modules/form-data requires async@'~0.9.0' but will load
282 warn unmet dependency /usr/local/lib/node_modules/yo/node_modules/insight/node_modules/async,
282 warn unmet dependency which is version 0.2.10
283 warn unmet dependency /usr/local/lib/node_modules/yo/node_modules/yeoman-generator/node_modules/file-utils requires glob@'~3.2.6' but will load
283 warn unmet dependency /usr/local/lib/node_modules/yo/node_modules/yeoman-generator/node_modules/glob,
283 warn unmet dependency which is version 4.0.6
284 warn unmet dependency /usr/local/lib/node_modules/yo/node_modules/yeoman-generator/node_modules/findup-sync requires glob@'~3.2.9' but will load
284 warn unmet dependency /usr/local/lib/node_modules/yo/node_modules/yeoman-generator/node_modules/glob,
284 warn unmet dependency which is version 4.0.6
285 warn unmet dependency /usr/local/lib/node_modules/yo/node_modules/yeoman-generator/node_modules/cheerio/node_modules/htmlparser2 requires entities@'1.0' but will load
285 warn unmet dependency /usr/local/lib/node_modules/yo/node_modules/yeoman-generator/node_modules/cheerio/node_modules/entities,
285 warn unmet dependency which is version 1.1.1
286 warn unmet dependency /usr/local/lib/node_modules/yo/node_modules/yosay/node_modules/chalk requires ansi-styles@'~1.0.0' but will load
286 warn unmet dependency /usr/local/lib/node_modules/yo/node_modules/yosay/node_modules/ansi-styles,
286 warn unmet dependency which is version 1.1.0
287 warn unmet dependency /usr/local/lib/node_modules/yo/node_modules/yosay/node_modules/chalk requires strip-ansi@'~0.1.0' but will load
287 warn unmet dependency /usr/local/lib/node_modules/yo/node_modules/yosay/node_modules/strip-ansi,
287 warn unmet dependency which is version 0.2.2
288 warn unmet dependency /usr/local/lib/node_modules/yo/node_modules/yosay/node_modules/strip-ansi requires ansi-regex@'^0.1.0' but will load
288 warn unmet dependency /usr/local/lib/node_modules/yo/node_modules/yosay/node_modules/ansi-regex,
288 warn unmet dependency which is version 0.2.1
289 warn unmet dependency /usr/local/lib/node_modules/yo/node_modules/yosay/node_modules/taketalk requires minimist@'^0.1.0' but will load
289 warn unmet dependency /usr/local/lib/node_modules/yo/node_modules/yosay/node_modules/minimist,
289 warn unmet dependency which is version 0.2.0
290 verbose stack Error: The package generator-karma does not satisfy its siblings' peerDependencies requirements!
290 verbose stack     at /usr/local/lib/node_modules/npm/lib/install.js:98:32
290 verbose stack     at /usr/local/lib/node_modules/npm/lib/install.js:202:5
290 verbose stack     at /usr/local/lib/node_modules/npm/node_modules/read-installed/read-installed.js:138:5
290 verbose stack     at /usr/local/lib/node_modules/npm/node_modules/read-installed/read-installed.js:251:14
290 verbose stack     at cb (/usr/local/lib/node_modules/npm/node_modules/slide/lib/async-map.js:47:24)
290 verbose stack     at /usr/local/lib/node_modules/npm/node_modules/read-installed/read-installed.js:251:14
290 verbose stack     at cb (/usr/local/lib/node_modules/npm/node_modules/slide/lib/async-map.js:47:24)
290 verbose stack     at /usr/local/lib/node_modules/npm/node_modules/read-installed/read-installed.js:251:14
290 verbose stack     at cb (/usr/local/lib/node_modules/npm/node_modules/slide/lib/async-map.js:47:24)
290 verbose stack     at /usr/local/lib/node_modules/npm/node_modules/read-installed/read-installed.js:251:14
291 verbose cwd /Users/michelle/Makers/course_work/fizzbuzz_coffescript
292 error Darwin 13.3.0
293 error argv "node" "/usr/local/bin/npm" "install" "-g" "chai"
294 error node v0.10.30
295 error npm  v2.0.0
296 error code EPEERINVALID
297 error peerinvalid The package generator-karma does not satisfy its siblings' peerDependencies requirements!
297 error peerinvalid Peer generator-angular@0.9.2 wants generator-karma@>=0.8.2
297 error peerinvalid Peer generator-angular-js@1.0.1 wants generator-karma@~0.6.0
298 verbose exit [ 1, true ]
